0 info it worked if it ends with ok
1 verbose cli [ 'node', '/usr/local/bin/npm', 'start', 'test.js' ]
2 info using npm@2.13.0
3 info using node@v0.10.35
4 verbose run-script [ 'prestart', 'start', 'poststart' ]
5 info prestart gitscrub@1.0.1
6 info start gitscrub@1.0.1
7 verbose unsafe-perm in lifecycle true
8 info gitscrub@1.0.1 Failed to exec start script
9 verbose stack Error: gitscrub@1.0.1 start: `test.js "test.js"`
9 verbose stack spawn ENOENT
9 verbose stack     at ChildProcess.<anonymous> (/usr/local/lib/node_modules/npm/lib/utils/spawn.js:17:16)
9 verbose stack     at ChildProcess.emit (events.js:98:17)
9 verbose stack     at maybeClose (child_process.js:766:16)
9 verbose stack     at Process.ChildProcess._handle.onexit (child_process.js:833:5)
10 verbose pkgid gitscrub@1.0.1
11 verbose cwd /Users/vishalkuo/Documents/Projects/gitScrub
12 error Darwin 14.3.0
13 error argv "node" "/usr/local/bin/npm" "start" "test.js"
14 error node v0.10.35
15 error npm  v2.13.0
16 error file sh
17 error code ELIFECYCLE
18 error errno ENOENT
19 error syscall spawn
20 error gitscrub@1.0.1 start: `test.js "test.js"`
20 error spawn ENOENT
21 error Failed at the gitscrub@1.0.1 start script 'test.js "test.js"'.
21 error This is most likely a problem with the gitscrub package,
21 error not with npm itself.
21 error Tell the author that this fails on your system:
21 error     test.js "test.js"
21 error You can get their info via:
21 error     npm owner ls gitscrub
21 error There is likely additional logging output above.
22 verbose exit [ 1, true ]
